root@bumax:~# dpkg -i virtualbox-7.0_7.0.10-158379~Ubuntu~jammy_amd64.deb
Selecting previously unselected package virtualbox-7.0.
(Reading database ... 250692 files and directories currently installed.)
Preparing to unpack virtualbox-7.0_7.0.10-158379~Ubuntu~jammy_amd64.deb ...
Unpacking virtualbox-7.0 (7.0.10-158379~Ubuntu~jammy) ...
dpkg: dependency problems prevent configuration of virtualbox-7.0:
 virtualbox-7.0 depends on libqt5help5 (>= 5.15.1); however:
  Package libqt5help5 is not installed.
 virtualbox-7.0 depends on libqt5opengl5 (>= 5.0.2); however:
  Package libqt5opengl5 is not installed.
 virtualbox-7.0 depends on libqt5x11extras5 (>= 5.6.0); however:
  Package libqt5x11extras5 is not installed.

dpkg: error processing package virtualbox-7.0 (--install):
 dependency problems - leaving unconfigured
Processing triggers for mailcap (3.70+nmu1ubuntu1) ...
Processing triggers for gnome-menus (3.36.0-1ubuntu3) ...
Processing triggers for desktop-file-utils (0.26-1ubuntu3) ...
Processing triggers for hicolor-icon-theme (0.17-2) ...
Processing triggers for shared-mime-info (2.1-2) ...
Errors were encountered while processing:
 virtualbox-7.0
root@bumax:~# apt -f install
Reading package lists... Done
Building dependency tree... Done
Reading state information... Done
Correcting dependencies... Done
The following additional packages will be installed:
  libqt5help5 libqt5opengl5 libqt5x11extras5
The following NEW packages will be installed:
  libqt5help5 libqt5opengl5 libqt5x11extras5
0 upgraded, 3 newly installed, 0 to remove and 23 not upgraded.
1 not fully installed or removed.
Need to get 326 kB of archives.
After this operation, 1 217 kB of additional disk space will be used.
Do you want to continue? [Y/n] y
Get:1 http://ru.archive.ubuntu.com/ubuntu jammy/universe amd64 libqt5help5 amd64 5.15.3-1 [162 kB]
Get:2 http://ru.archive.ubuntu.com/ubuntu jammy-updates/universe amd64 libqt5opengl5 amd64 5.15.3+dfsg-2ubuntu0.2 [153 kB]
Get:3 http://ru.archive.ubuntu.com/ubuntu jammy/universe amd64 libqt5x11extras5 amd64 5.15.3-1 [10,9 kB]
Fetched 326 kB in 1s (226 kB/s)
Selecting previously unselected package libqt5help5:amd64.
(Reading database ... 251427 files and directories currently installed.)
Preparing to unpack .../libqt5help5_5.15.3-1_amd64.deb ...
Unpacking libqt5help5:amd64 (5.15.3-1) ...
Selecting previously unselected package libqt5opengl5:amd64.
Preparing to unpack .../libqt5opengl5_5.15.3+dfsg-2ubuntu0.2_amd64.deb ...
Unpacking libqt5opengl5:amd64 (5.15.3+dfsg-2ubuntu0.2) ...
Selecting previously unselected package libqt5x11extras5:amd64.
Preparing to unpack .../libqt5x11extras5_5.15.3-1_amd64.deb ...
Unpacking libqt5x11extras5:amd64 (5.15.3-1) ...
Setting up libqt5x11extras5:amd64 (5.15.3-1) ...
Setting up libqt5help5:amd64 (5.15.3-1) ...
Setting up libqt5opengl5:amd64 (5.15.3+dfsg-2ubuntu0.2) ...
Setting up virtualbox-7.0 (7.0.10-158379~Ubuntu~jammy) ...
Adding group `vboxusers' (GID 140) ...
Done.
Processing triggers for libc-bin (2.35-0ubuntu3.4) ...
root@bumax:~# dpkg -P virtualbox
dpkg: warning: ignoring request to remove virtualbox which isn't installed
root@bumax:~# dpkg -P virtualbox-7.0
(Reading database ... 251446 files and directories currently installed.)
Removing virtualbox-7.0 (7.0.10-158379~Ubuntu~jammy) ...
Purging configuration files for virtualbox-7.0 (7.0.10-158379~Ubuntu~jammy) ...
dpkg: warning: while removing virtualbox-7.0, directory '/usr/local' not empty so not removed
Processing triggers for shared-mime-info (2.1-2) ...
Processing triggers for hicolor-icon-theme (0.17-2) ...
Processing triggers for mailcap (3.70+nmu1ubuntu1) ...
Processing triggers for gnome-menus (3.36.0-1ubuntu3) ...
Processing triggers for desktop-file-utils (0.26-1ubuntu3) ...
